<?xml version="1.0" encoding="UTF-8"?>
<testng-results skipped="0" failed="0" total="1" passed="1">
  <reporter-output>
  </reporter-output>
  <suite name="Default suite" duration-ms="24910" started-at="2019-05-21T21:05:30Z" finished-at="2019-05-21T21:05:55Z">
    <groups>
    </groups>
    <test name="Default test" duration-ms="24910" started-at="2019-05-21T21:05:30Z" finished-at="2019-05-21T21:05:55Z">
      <class name="com.testingBuy.TestingBuyPage">
        <test-method status="PASS" signature="TestingBuyPage()[pri:0, instance:com.testingBuy.TestingBuyPage@1035e27]" name="TestingBuyPage" duration-ms="24852" started-at="2019-05-21T16:05:30Z" finished-at="2019-05-21T16:05:55Z">
          <reporter-output>
          </reporter-output>
        </test-method> <!-- TestingBuyPage -->
      </class> <!-- com.testingBuy.TestingBuyPage -->
    </test> <!-- Default test -->
  </suite> <!-- Default suite -->
</testng-results>
